<?xml version="1.0" encoding="UTF-8"?>
<!-- Generated by org.testng.reporters.JUnitXMLReporter -->
<testsuite ignored="1" hostname="A-RK71TVHJV9G4J" failures="0" tests="2" name="Default test" time="24.207" errors="0" timestamp="2023-07-26T10:58:20 IST">
  <testcase classname="com.citi.test.LoginTest" name="invalidLoginTest" time="0.007"/>
  <testcase classname="com.citi.test.LoginTest" name="invalidLoginTest" time="0.001"/>
  <testcase classname="com.citi.test.LoginTest" name="validLoginTest" time="0.0">
    <ignored/>
  </testcase> <!-- validLoginTest -->
</testsuite> <!-- Default test -->
