<?xml version="1.0" encoding="UTF-8"?>
<!-- Generated by org.testng.reporters.JUnitXMLReporter -->
<testsuite ignored="0" hostname="A-RK71TVHJV9G4J" failures="0" tests="2" name="Default test" time="22.373" errors="0" timestamp="2023-07-26T13:28:20 IST">
  <testcase classname="io.cucumber.testng.AbstractTestNGCucumberTests" name="runScenario" time="11.107"/>
  <testcase classname="io.cucumber.testng.AbstractTestNGCucumberTests" name="runScenario" time="10.431"/>
</testsuite> <!-- Default test -->
