<?xml version="1.0" encoding="UTF-8"?>
<testng-results ignored="0" total="2" passed="2" failed="0" skipped="0">
  <reporter-output>
  </reporter-output>
  <suite started-at="2023-07-26T10:57:56 IST" name="Default suite" finished-at="2023-07-26T10:58:20 IST" duration-ms="24207">
    <groups>
    </groups>
    <test started-at="2023-07-26T10:57:56 IST" name="Default test" finished-at="2023-07-26T10:58:20 IST" duration-ms="24207">
      <class name="com.citi.test.LoginTest">
        <test-method is-config="true" signature="setup(java.lang.String)[pri:0, instance:com.citi.test.LoginTest@55a147cc]" started-at="2023-07-26T10:58:04 IST" name="setup" finished-at="2023-07-26T10:58:12 IST" duration-ms="8153" status="PASS">
          <params>
            <param index="0">
              <value>
                <![CDATA[chrome]]>
              </value>
            </param>
          </params>
          <reporter-output>
          </reporter-output>
        </test-method> <!-- setup -->
        <test-method signature="invalidLoginTest(java.lang.String,java.lang.String,java.lang.String)[pri:0, instance:com.citi.test.LoginTest@55a147cc]" started-at="2023-07-26T10:58:12 IST" name="invalidLoginTest" data-provider="commonDataProvider" finished-at="2023-07-26T10:58:12 IST" duration-ms="7" status="PASS">
          <params>
            <param index="0">
              <value>
                <![CDATA[bala]]>
              </value>
            </param>
            <param index="1">
              <value>
                <![CDATA[bala123]]>
              </value>
            </param>
            <param index="2">
              <value>
                <![CDATA[Invalid username or password]]>
              </value>
            </param>
          </params>
          <reporter-output>
          </reporter-output>
        </test-method> <!-- invalidLoginTest -->
        <test-method is-config="true" signature="teardown()[pri:0, instance:com.citi.test.LoginTest@55a147cc]" started-at="2023-07-26T10:58:12 IST" name="teardown" finished-at="2023-07-26T10:58:14 IST" duration-ms="2083" status="PASS">
          <reporter-output>
          </reporter-output>
        </test-method> <!-- teardown -->
        <test-method is-config="true" signature="setup(java.lang.String)[pri:0, instance:com.citi.test.LoginTest@55a147cc]" started-at="2023-07-26T10:58:14 IST" name="setup" finished-at="2023-07-26T10:58:19 IST" duration-ms="4432" status="PASS">
          <params>
            <param index="0">
              <value>
                <![CDATA[chrome]]>
              </value>
            </param>
          </params>
          <reporter-output>
          </reporter-output>
        </test-method> <!-- setup -->
        <test-method signature="invalidLoginTest(java.lang.String,java.lang.String,java.lang.String)[pri:0, instance:com.citi.test.LoginTest@55a147cc]" started-at="2023-07-26T10:58:19 IST" name="invalidLoginTest" data-provider="commonDataProvider" finished-at="2023-07-26T10:58:19 IST" duration-ms="1" status="PASS">
          <params>
            <param index="0">
              <value>
                <![CDATA[bala]]>
              </value>
            </param>
            <param index="1">
              <value>
                <![CDATA[bala124]]>
              </value>
            </param>
            <param index="2">
              <value>
                <![CDATA[Invalid username or password]]>
              </value>
            </param>
          </params>
          <reporter-output>
          </reporter-output>
        </test-method> <!-- invalidLoginTest -->
        <test-method is-config="true" signature="teardown()[pri:0, instance:com.citi.test.LoginTest@55a147cc]" started-at="2023-07-26T10:58:19 IST" name="teardown" finished-at="2023-07-26T10:58:20 IST" duration-ms="1596" status="PASS">
          <reporter-output>
          </reporter-output>
        </test-method> <!-- teardown -->
      </class> <!-- com.citi.test.LoginTest -->
    </test> <!-- Default test -->
  </suite> <!-- Default suite -->
</testng-results>
